<?xml version="1.0" encoding="UTF-8"?>
<testng-results ignored="0" total="1" passed="1" failed="0" skipped="0">
  <reporter-output>
    <line>
      <![CDATA[database connected]]>
    </line>
    <line>
      <![CDATA[Browser Launched Successfully]]>
    </line>
    <line>
      <![CDATA[Logged in Successfully]]>
    </line>
    <line>
      <![CDATA[Testscript Passed Successfully]]>
    </line>
    <line>
      <![CDATA[Logged out Successfully]]>
    </line>
    <line>
      <![CDATA[Browser Closed Successfully]]>
    </line>
    <line>
      <![CDATA[database disconnected Successfully]]>
    </line>
  </reporter-output>
  <suite started-at="2024-08-21T09:00:31 IST" name="Default suite" finished-at="2024-08-21T09:00:57 IST" duration-ms="25736">
    <groups>
    </groups>
    <test started-at="2024-08-21T09:00:31 IST" name="Default test" finished-at="2024-08-21T09:00:57 IST" duration-ms="25736">
      <class name="Com.Actitime.TestScripts.CreateCustomer">
        <test-method is-config="true" signature="dataBaseConnection()[pri:0, instance:Com.Actitime.TestScripts.CreateCustomer@23c30a20]" started-at="2024-08-21T09:00:31 IST" name="dataBaseConnection" finished-at="2024-08-21T09:00:31 IST" duration-ms="8" status="PASS">
          <reporter-output>
            <line>
              <![CDATA[database connected]]>
            </line>
          </reporter-output>
        </test-method> <!-- dataBaseConnection -->
        <test-method is-config="true" signature="launchBrowser()[pri:0, instance:Com.Actitime.TestScripts.CreateCustomer@23c30a20]" started-at="2024-08-21T09:00:31 IST" name="launchBrowser" finished-at="2024-08-21T09:00:43 IST" duration-ms="11773" status="PASS">
          <reporter-output>
            <line>
              <![CDATA[Browser Launched Successfully]]>
            </line>
          </reporter-output>
        </test-method> <!-- launchBrowser -->
        <test-method is-config="true" signature="login()[pri:0, instance:Com.Actitime.TestScripts.CreateCustomer@23c30a20]" started-at="2024-08-21T09:00:43 IST" name="login" finished-at="2024-08-21T09:00:43 IST" duration-ms="539" status="PASS">
          <reporter-output>
            <line>
              <![CDATA[Logged in Successfully]]>
            </line>
          </reporter-output>
        </test-method> <!-- login -->
        <test-method signature="createCustomer()[pri:0, instance:Com.Actitime.TestScripts.CreateCustomer@23c30a20]" started-at="2024-08-21T09:00:43 IST" name="createCustomer" finished-at="2024-08-21T09:00:55 IST" duration-ms="12176" status="PASS">
          <reporter-output>
            <line>
              <![CDATA[Testscript Passed Successfully]]>
            </line>
          </reporter-output>
        </test-method> <!-- createCustomer -->
        <test-method is-config="true" signature="logout()[pri:0, instance:Com.Actitime.TestScripts.CreateCustomer@23c30a20]" started-at="2024-08-21T09:00:55 IST" name="logout" finished-at="2024-08-21T09:00:57 IST" duration-ms="1191" status="PASS">
          <reporter-output>
            <line>
              <![CDATA[Logged out Successfully]]>
            </line>
          </reporter-output>
        </test-method> <!-- logout -->
        <test-method is-config="true" signature="closeBrowser()[pri:0, instance:Com.Actitime.TestScripts.CreateCustomer@23c30a20]" started-at="2024-08-21T09:00:57 IST" name="closeBrowser" finished-at="2024-08-21T09:00:57 IST" duration-ms="0" status="PASS">
          <reporter-output>
            <line>
              <![CDATA[Browser Closed Successfully]]>
            </line>
          </reporter-output>
        </test-method> <!-- closeBrowser -->
        <test-method is-config="true" signature="dataBaseDisconnection()[pri:0, instance:Com.Actitime.TestScripts.CreateCustomer@23c30a20]" started-at="2024-08-21T09:00:57 IST" name="dataBaseDisconnection" finished-at="2024-08-21T09:00:57 IST" duration-ms="0" status="PASS">
          <reporter-output>
            <line>
              <![CDATA[database disconnected Successfully]]>
            </line>
          </reporter-output>
        </test-method> <!-- dataBaseDisconnection -->
      </class> <!-- Com.Actitime.TestScripts.CreateCustomer -->
    </test> <!-- Default test -->
  </suite> <!-- Default suite -->
</testng-results>
